c:\users\chuqi.liu\documents\github\crc2e-testenv\controlsolution\debug\anokiwavecontrollerlibrary.lib
c:\users\chuqi.liu\documents\github\crc2e-testenv\controlsolution\debug\anokiwavecontrollerlibrary.exp
c:\users\chuqi.liu\documents\github\crc2e-testenv\controlsolution\anokiwavecontrollerlibrary\debug\anokiwavecontrollerlibrary.pch
c:\users\chuqi.liu\documents\github\crc2e-testenv\controlsolution\anokiwavecontrollerlibrary\debug\vc142.pdb
c:\users\chuqi.liu\documents\github\crc2e-testenv\controlsolution\anokiwavecontrollerlibrary\debug\vc142.idb
c:\users\chuqi.liu\documents\github\crc2e-testenv\controlsolution\anokiwavecontrollerlibrary\debug\pch.obj
c:\users\chuqi.liu\documents\github\crc2e-testenv\controlsolution\anokiwavecontrollerlibrary\debug\dllmain.obj
c:\users\chuqi.liu\documents\github\crc2e-testenv\controlsolution\anokiwavecontrollerlibrary\debug\controllibrary.obj
c:\users\chuqi.liu\documents\github\crc2e-testenv\controlsolution\anokiwavecontrollerlibrary\debug\anokisequence.obj
c:\users\chuqi.liu\documents\github\crc2e-testenv\controlsolution\anokiwavecontrollerlibrary\debug\marvininterface.obj
c:\users\chuqi.liu\documents\github\crc2e-testenv\controlsolution\debug\anokiwavecontrollerlibrary.dll
c:\users\chuqi.liu\documents\github\crc2e-testenv\controlsolution\debug\anokiwavecontrollerlibrary.ilk
c:\users\chuqi.liu\documents\github\crc2e-testenv\controlsolution\debug\anokiwavecontrollerlibrary.pdb
c:\users\chuqi.liu\documents\github\crc2e-testenv\controlsolution\anokiwavecontrollerlibrary\debug\anokiwav.747dac33.tlog\anokiwavecontrollerlibrary.write.1u.tlog
c:\users\chuqi.liu\documents\github\crc2e-testenv\controlsolution\anokiwavecontrollerlibrary\debug\anokiwav.747dac33.tlog\cl.command.1.tlog
c:\users\chuqi.liu\documents\github\crc2e-testenv\controlsolution\anokiwavecontrollerlibrary\debug\anokiwav.747dac33.tlog\cl.read.1.tlog
c:\users\chuqi.liu\documents\github\crc2e-testenv\controlsolution\anokiwavecontrollerlibrary\debug\anokiwav.747dac33.tlog\cl.write.1.tlog
c:\users\chuqi.liu\documents\github\crc2e-testenv\controlsolution\anokiwavecontrollerlibrary\debug\anokiwav.747dac33.tlog\link.command.1.tlog
c:\users\chuqi.liu\documents\github\crc2e-testenv\controlsolution\anokiwavecontrollerlibrary\debug\anokiwav.747dac33.tlog\link.read.1.tlog
c:\users\chuqi.liu\documents\github\crc2e-testenv\controlsolution\anokiwavecontrollerlibrary\debug\anokiwav.747dac33.tlog\link.write.1.tlog
